<?xml version="1.0" encoding="UTF-8"?>
<testsuite name="Printers.LeftPrinterTest" tests="1" skipped="0" failures="0" errors="0" timestamp="2022-05-22T05:13:24" hostname="Amits-MacBook-Pro.local" time="0.0">
  <properties/>
  <testcase name="createString()" classname="Printers.LeftPrinterTest" time="0.0"/>
  <system-out><![CDATA[]]></system-out>
  <system-err><![CDATA[]]></system-err>
</testsuite>
